Unity Editor version:    2022.3.41f1 (0f988161febf)
Branch:                  2022.3/staging
Build type:              Release
Batch mode:              YES
System name:             Linux
Distro version:          #48~22.04.1-Ubuntu SMP PREEMPT_DYNAMIC Mon Oct  7 11:24:13 UTC 2
Kernel version:          6.8.0-48-generic
Architecture:            x86_64
Available memory:        11697 MB
Using pre-set license
Pro License: YES
Desktop is 1920 x 1080 @ 60 Hz
Initialize udev device monitor.

COMMAND LINE ARGUMENTS:
Unity
-adb2
-batchMode
-noUpm
-name
AssetImportWorker1
-projectPath
/home/oudommeng/game/Rambo Katue
-logFile
Logs/AssetImportWorker1.log
-srvPort
44633
Successfully changed project path to: /home/oudommeng/game/Rambo Katue
/home/oudommeng/game/Rambo Katue
[UnityMemory] Configuration Parameters - Can be set up in boot.config
    "memorysetup-bucket-allocator-granularity=16"
    "memorysetup-bucket-allocator-bucket-count=8"
    "memorysetup-bucket-allocator-block-size=33554432"
    "memorysetup-bucket-allocator-block-count=8"
    "memorysetup-main-allocator-block-size=16777216"
    "memorysetup-thread-allocator-block-size=16777216"
    "memorysetup-gfx-main-allocator-block-size=16777216"
    "memorysetup-gfx-thread-allocator-block-size=16777216"
    "memorysetup-cache-allocator-block-size=4194304"
    "memorysetup-typetree-allocator-block-size=2097152"
    "memorysetup-profiler-bucket-allocator-granularity=16"
    "memorysetup-profiler-bucket-allocator-bucket-count=8"
    "memorysetup-profiler-bucket-allocator-block-size=33554432"
    "memorysetup-profiler-bucket-allocator-block-count=8"
    "memorysetup-profiler-allocator-block-size=16777216"
    "memorysetup-profiler-editor-allocator-block-size=1048576"
    "memorysetup-temp-allocator-size-main=16777216"
    "memorysetup-job-temp-allocator-block-size=2097152"
    "memorysetup-job-temp-allocator-block-size-background=1048576"
    "memorysetup-job-temp-allocator-reduction-small-platforms=262144"
    "memorysetup-allocator-temp-initial-block-size-main=262144"
    "memorysetup-allocator-temp-initial-block-size-worker=262144"
    "memorysetup-temp-allocator-size-background-worker=32768"
    "memorysetup-temp-allocator-size-job-worker=262144"
    "memorysetup-temp-allocator-size-preload-manager=33554432"
    "memorysetup-temp-allocator-size-nav-mesh-worker=65536"
    "memorysetup-temp-allocator-size-audio-worker=65536"
    "memorysetup-temp-allocator-size-cloud-worker=32768"
    "memorysetup-temp-allocator-size-gi-baking-worker=262144"
    "memorysetup-temp-allocator-size-gfx=262144"
Player connection [134576011953088]  Target information:

Player connection [134576011953088]  * "[IP] 192.168.88.75 [Port] 0 [Flags] 2 [Guid] 77933766 [EditorId] 77933766 [Version] 1048832 [Id] LinuxEditor(16,192.168.88.75) [Debug] 1 [PackageName] LinuxEditor [ProjectName] Editor" 

Player connection [134576011953088] Host joined multi-casting on [225.0.0.222:54997]...
Player connection [134576011953088] Host joined alternative multi-casting on [225.0.0.222:34997]...
[PhysX] Initialized MultithreadedTaskDispatcher with 8 workers.
Refreshing native plugins compatible for Editor in 2.18 ms, found 0 plugins.
Preloading 0 native plugins for Editor in 0.00 ms.
Initialize engine version: 2022.3.41f1 (0f988161febf)
[Subsystems] Discovering subsystems at path /home/oudommeng/Unity/Hub/Editor/2022.3.41f1/Editor/Data/Resources/UnitySubsystems
[Subsystems] Discovering subsystems at path /home/oudommeng/game/Rambo Katue/Assets
GLX Extensions: GLX_ARB_context_flush_control GLX_ARB_create_context GLX_ARB_create_context_no_error GLX_ARB_create_context_profile GLX_ARB_create_context_robustness GLX_ARB_fbconfig_float GLX_ARB_framebuffer_sRGB GLX_ARB_get_proc_address GLX_ARB_multisample GLX_EXT_buffer_age GLX_EXT_create_context_es2_profile GLX_EXT_create_context_es_profile GLX_EXT_fbconfig_packed_float GLX_EXT_framebuffer_sRGB GLX_EXT_no_config_context GLX_EXT_swap_control GLX_EXT_swap_control_tear GLX_EXT_texture_from_pixmap GLX_EXT_visual_info GLX_EXT_visual_rating GLX_MESA_copy_sub_buffer GLX_MESA_query_renderer GLX_MESA_swap_control GLX_OML_swap_method GLX_OML_sync_control GLX_SGIS_multisample GLX_SGIX_fbconfig GLX_SGIX_pbuffer GLX_SGIX_visual_select_group GLX_SGI_make_current_read GLX_SGI_video_sync 
Renderer: Mesa Intel(R) Xe Graphics (TGL GT2)
Vendor:   Intel
Version:  4.6 (Core Profile) Mesa 23.2.1-1ubuntu3.1~22.04.2
GLES:     0
 GL_3DFX_texture_compression_FXT1 GL_AMD_conservative_depth GL_AMD_depth_clamp_separate GL_AMD_draw_buffers_blend GL_AMD_gpu_shader_int64 GL_AMD_multi_draw_indirect GL_AMD_performance_monitor GL_AMD_pinned_memory GL_AMD_query_buffer_object GL_AMD_seamless_cubemap_per_texture GL_AMD_shader_stencil_export GL_AMD_shader_trinary_minmax GL_AMD_texture_texture4 GL_AMD_vertex_shader_layer GL_AMD_vertex_shader_viewport_index GL_ANGLE_texture_compression_dxt3 GL_ANGLE_texture_compression_dxt5 GL_ARB_ES2_compatibility GL_ARB_ES3_1_compatibility GL_ARB_ES3_2_compatibility GL_ARB_ES3_compatibility GL_ARB_arrays_of_arrays GL_ARB_base_instance GL_ARB_blend_func_extended GL_ARB_buffer_storage GL_ARB_clear_buffer_object GL_ARB_clear_texture GL_ARB_clip_control GL_ARB_compressed_texture_pixel_storage GL_ARB_compute_shader GL_ARB_compute_variable_group_size GL_ARB_conditional_render_inverted GL_ARB_conservative_depth GL_ARB_copy_buffer GL_ARB_copy_image GL_ARB_cull_distance GL_ARB_debug_output GL_ARB_depth_buffer_float GL_ARB
_depth_clamp GL_ARB_derivative_control GL_ARB_direct_state_access GL_ARB_draw_buffers GL_ARB_draw_buffers_blend GL_ARB_draw_elements_base_vertex GL_ARB_draw_indirect GL_ARB_draw_instanced GL_ARB_enhanced_layouts GL_ARB_explicit_attrib_location GL_ARB_explicit_uniform_location GL_ARB_fragment_coord_conventions GL_ARB_fragment_layer_viewport GL_ARB_fragment_shader GL_ARB_fragment_shader_interlock GL_ARB_framebuffer_no_attachments GL_ARB_framebuffer_object GL_ARB_framebuffer_sRGB GL_ARB_get_program_binary GL_ARB_get_texture_sub_image GL_ARB_gl_spirv GL_ARB_gpu_shader5 GL_ARB_gpu_shader_fp64 GL_ARB_gpu_shader_int64 GL_ARB_half_float_pixel GL_ARB_half_float_vertex GL_ARB_indirect_parameters GL_ARB_instanced_arrays GL_ARB_internalformat_query GL_ARB_internalformat_query2 GL_ARB_invalidate_subdata GL_ARB_map_buffer_alignment GL_ARB_map_buffer_range GL_ARB_multi_bind GL_ARB_multi_draw_indirect GL_ARB_occlusion_query2 GL_ARB_parallel_shader_compile GL_ARB_pipeline_statistics_query GL_ARB_pixel_buffer_object GL_ARB_po
int_sprite GL_ARB_polygon_offset_clamp GL_ARB_post_depth_coverage GL_ARB_program_interface_query GL_ARB_provoking_vertex GL_ARB_query_buffer_object GL_ARB_robust_buffer_access_behavior GL_ARB_robustness GL_ARB_sample_shading GL_ARB_sampler_objects GL_ARB_seamless_cube_map GL_ARB_seamless_cubemap_per_texture GL_ARB_separate_shader_objects GL_ARB_shader_atomic_counter_ops GL_ARB_shader_atomic_counters GL_ARB_shader_ballot GL_ARB_shader_bit_encoding GL_ARB_shader_clock GL_ARB_shader_draw_parameters GL_ARB_shader_group_vote GL_ARB_shader_image_load_store GL_ARB_shader_image_size GL_ARB_shader_objects GL_ARB_shader_precision GL_ARB_shader_stencil_export GL_ARB_shader_storage_buffer_object GL_ARB_shader_subroutine GL_ARB_shader_texture_image_samples GL_ARB_shader_texture_lod GL_ARB_shader_viewport_layer_array GL_ARB_shading_language_420pack GL_ARB_shading_language_include GL_ARB_shading_language_packing GL_ARB_spirv_extensions GL_ARB_stencil_texturing GL_ARB_sync GL_ARB_tessellation_shader GL_ARB_texture_barrier G
L_ARB_texture_buffer_object GL_ARB_texture_buffer_object_rgb32 GL_ARB_texture_buffer_range GL_ARB_texture_compression_bptc GL_ARB_texture_compression_rgtc GL_ARB_texture_cube_map_array GL_ARB_texture_filter_anisotropic GL_ARB_texture_float GL_ARB_texture_gather GL_ARB_texture_mirror_clamp_to_edge GL_ARB_texture_multisample GL_ARB_texture_non_power_of_two GL_ARB_texture_query_levels GL_ARB_texture_query_lod GL_ARB_texture_rectangle GL_ARB_texture_rg GL_ARB_texture_rgb10_a2ui GL_ARB_texture_stencil8 GL_ARB_texture_storage GL_ARB_texture_storage_multisample GL_ARB_texture_swizzle GL_ARB_texture_view GL_ARB_timer_query GL_ARB_transform_feedback2 GL_ARB_transform_feedback3 GL_ARB_transform_feedback_instanced GL_ARB_transform_feedback_overflow_query GL_ARB_uniform_buffer_object GL_ARB_vertex_array_bgra GL_ARB_vertex_array_object GL_ARB_vertex_attrib_64bit GL_ARB_vertex_attrib_binding GL_ARB_vertex_buffer_object GL_ARB_vertex_shader GL_ARB_vertex_type_10f_11f_11f_rev GL_ARB_vertex_type_2_10_10_10_rev GL_ARB_viewpor
t_array GL_ATI_blend_equation_separate GL_ATI_texture_float GL_EXT_EGL_image_storage GL_EXT_EGL_sync GL_EXT_abgr GL_EXT_blend_equation_separate GL_EXT_debug_label GL_EXT_demote_to_helper_invocation GL_EXT_depth_bounds_test GL_EXT_draw_buffers2 GL_EXT_draw_instanced GL_EXT_framebuffer_blit GL_EXT_framebuffer_multisample GL_EXT_framebuffer_multisample_blit_scaled GL_EXT_framebuffer_object GL_EXT_framebuffer_sRGB GL_EXT_memory_object GL_EXT_memory_object_fd GL_EXT_packed_depth_stencil GL_EXT_packed_float GL_EXT_pixel_buffer_object GL_EXT_polygon_offset_clamp GL_EXT_provoking_vertex GL_EXT_semaphore GL_EXT_semaphore_fd GL_EXT_shader_framebuffer_fetch GL_EXT_shader_framebuffer_fetch_non_coherent GL_EXT_shader_integer_mix GL_EXT_shader_samples_identical GL_EXT_texture_array GL_EXT_texture_compression_dxt1 GL_EXT_texture_compression_rgtc GL_EXT_texture_compression_s3tc GL_EXT_texture_filter_anisotropic GL_EXT_texture_integer GL_EXT_texture_sRGB GL_EXT_texture_sRGB_R8 GL_EXT_texture_sRGB_decode GL_EXT_texture_shadow
_lod GL_EXT_texture_shared_exponent GL_EXT_texture_snorm GL_EXT_texture_swizzle GL_EXT_timer_query GL_EXT_transform_feedback GL_EXT_vertex_array_bgra GL_EXT_vertex_attrib_64bit GL_IBM_multimode_draw_arrays GL_INTEL_blackhole_render GL_INTEL_conservative_rasterization GL_INTEL_performance_query GL_INTEL_shader_atomic_float_minmax GL_INTEL_shader_integer_functions2 GL_KHR_blend_equation_advanced GL_KHR_blend_equation_advanced_coherent GL_KHR_context_flush_control GL_KHR_debug GL_KHR_no_error GL_KHR_parallel_shader_compile GL_KHR_robust_buffer_access_behavior GL_KHR_robustness GL_KHR_texture_compression_astc_ldr GL_KHR_texture_compression_astc_sliced_3d GL_MESA_framebuffer_flip_y GL_MESA_pack_invert GL_MESA_shader_integer_functions GL_MESA_texture_signed_rgba GL_NV_alpha_to_coverage_dither_control GL_NV_compute_shader_derivatives GL_NV_conditional_render GL_NV_copy_image GL_NV_depth_clamp GL_NV_fragment_shader_interlock GL_NV_packed_depth_stencil GL_NV_texture_barrier GL_OES_EGL_image GL_S3_s3tc
OPENGL LOG: Creating OpenGL 4.6 graphics device ; Context level  <OpenGL 4.5> ; Context handle -1932855792
Initialize mono
Mono path[0] = '/home/oudommeng/Unity/Hub/Editor/2022.3.41f1/Editor/Data/Managed'
Mono path[1] = '/home/oudommeng/Unity/Hub/Editor/2022.3.41f1/Editor/Data/MonoBleedingEdge/lib/mono/unityjit-linux'
Mono config path = '/home/oudommeng/Unity/Hub/Editor/2022.3.41f1/Editor/Data/MonoBleedingEdge/etc'
Using monoOptions --debugger-agent=transport=dt_socket,embedding=1,server=y,suspend=n,address=127.0.0.1:56063
Begin MonoManager ReloadAssembly
Registering precompiled unity dll's ...
Register platform support module: /home/oudommeng/Unity/Hub/Editor/2022.3.41f1/Editor/Data/PlaybackEngines/AndroidPlayer/UnityEditor.Android.Extensions.dll
Register platform support module: /home/oudommeng/Unity/Hub/Editor/2022.3.41f1/Editor/Data/PlaybackEngines/LinuxStandaloneSupport/UnityEditor.LinuxStandalone.Extensions.dll
Registered in 0.006822 seconds.
- Loaded All Assemblies, in  0.363 seconds
Native extension for LinuxStandalone target not found
Native extension for Android target not found
Android Extension - Scanning For ADB Devices 286 ms
Mono: successfully reloaded assembly
- Finished resetting the current domain, in  0.651 seconds
Domain Reload Profiling: 1014ms
	BeginReloadAssembly (87ms)
		ExecutionOrderSort (0ms)
		DisableScriptedObjects (0ms)
		BackupInstance (0ms)
		ReleaseScriptingObjects (0ms)
		CreateAndSetChildDomain (1ms)
	RebuildCommonClasses (41ms)
	RebuildNativeTypeToScriptingClass (8ms)
	initialDomainReloadingComplete (65ms)
	LoadAllAssembliesAndSetupDomain (162ms)
		LoadAssemblies (87ms)
		RebuildTransferFunctionScriptingTraits (0ms)
		AnalyzeDomain (160ms)
			TypeCache.Refresh (159ms)
				TypeCache.ScanAssembly (144ms)
			ScanForSourceGeneratedMonoScriptInfo (0ms)
			ResolveRequiredComponents (0ms)
	FinalizeReload (651ms)
		ReleaseScriptCaches (0ms)
		RebuildScriptCaches (0ms)
		SetupLoadedEditorAssemblies (598ms)
			LogAssemblyErrors (0ms)
			InitializePlatformSupportModulesInManaged (411ms)
			SetLoadedEditorAssemblies (4ms)
			RefreshPlugins (0ms)
			BeforeProcessingInitializeOnLoad (2ms)
			ProcessInitializeOnLoadAttributes (128ms)
			ProcessInitializeOnLoadMethodAttributes (53ms)
			AfterProcessingInitializeOnLoad (0ms)
			EditorAssembliesLoaded (0ms)
		ExecutionOrderSort2 (0ms)
		AwakeInstancesAfterBackupRestoration (0ms)
========================================================================
Worker process is ready to serve import requests
Caller must complete domain reload
Begin MonoManager ReloadAssembly
- Loaded All Assemblies, in  0.601 seconds
Native extension for LinuxStandalone target not found
Native extension for Android target not found
Package Manager log level set to [2]
[Package Manager] Server::EnsureServerProcessIsRunning -- launch failed, reason: Unity was launched with the -noUpm command-line argument
[Package Manager] UpmClient::Send -- Unable to send message (not connected to UPM process).
[Package Manager] Cannot connect to Unity Package Manager local server
Mono: successfully reloaded assembly
- Finished resetting the current domain, in  0.829 seconds
Domain Reload Profiling: 1430ms
	BeginReloadAssembly (116ms)
		ExecutionOrderSort (0ms)
		DisableScriptedObjects (5ms)
		BackupInstance (0ms)
		ReleaseScriptingObjects (0ms)
		CreateAndSetChildDomain (24ms)
	RebuildCommonClasses (38ms)
	RebuildNativeTypeToScriptingClass (8ms)
	initialDomainReloadingComplete (48ms)
	LoadAllAssembliesAndSetupDomain (391ms)
		LoadAssemblies (227ms)
		RebuildTransferFunctionScriptingTraits (0ms)
		AnalyzeDomain (215ms)
			TypeCache.Refresh (195ms)
				TypeCache.ScanAssembly (178ms)
			ScanForSourceGeneratedMonoScriptInfo (14ms)
			ResolveRequiredComponents (5ms)
	FinalizeReload (829ms)
		ReleaseScriptCaches (0ms)
		RebuildScriptCaches (0ms)
		SetupLoadedEditorAssemblies (645ms)
			LogAssemblyErrors (0ms)
			InitializePlatformSupportModulesInManaged (33ms)
			SetLoadedEditorAssemblies (4ms)
			RefreshPlugins (0ms)
			BeforeProcessingInitializeOnLoad (57ms)
			ProcessInitializeOnLoadAttributes (520ms)
			ProcessInitializeOnLoadMethodAttributes (27ms)
			AfterProcessingInitializeOnLoad (4ms)
			EditorAssembliesLoaded (0ms)
		ExecutionOrderSort2 (0ms)
		AwakeInstancesAfterBackupRestoration (4ms)
Launched and connected shader compiler UnityShaderCompiler after 0.01 seconds
Refreshing native plugins compatible for Editor in 0.73 ms, found 0 plugins.
Preloading 0 native plugins for Editor in 0.00 ms.
Unloading 3092 Unused Serialized files (Serialized files now loaded: 0)
Unloading 19 unused Assets / (45.2 KB). Loaded Objects now: 3562.
Memory consumption went from 116.4 MB to 116.4 MB.
Total: 4.842129 ms (FindLiveObjects: 0.239119 ms CreateObjectMapping: 0.100538 ms MarkObjects: 4.294948 ms  DeleteObjects: 0.205343 ms)

AssetImportParameters requested are different than current active one (requested -> active):
  custom:container-demuxer-ogg: 62fdf1f143b41e24485cea50d1cbac27 -> 
  custom:video-decoder-ogg-theora: a1e56fd34408186e4bbccfd4996cb3dc -> 
  custom:CustomObjectIndexerAttribute: 232f87dd983dbecb2a4e21e08eb2cef8 -> 
  custom:container-demuxer-webm: 4f35f7cbe854078d1ac9338744f61a02 -> 
  custom:container-muxer-webm: aa71ff27fc2769a1b78a27578f13a17b -> 
  custom:video-decoder-webm-vp8: 9c59270c3fd7afecdb556c50c9e8de78 -> 
  custom:SearchIndexIgnoredProperties: e643bd26f0fe6173181afceb89e7c659 -> 
  custom:AudioImporter_EditorPlatform: 2f0ff77a95e0ac474e3e8eeba4e2f7cb -> 
  custom:video-encoder-webm-vp8: eb34c28f22e8b96e1ab97ce403110664 -> 
  custom:audio-decoder-ogg-vorbis: bf7c407c2cedff20999df2af8eb42d56 -> 
  custom:audio-encoder-webm-vorbis: bf7c407c2cedff20999df2af8eb42d56 -> 
========================================================================
Received Import Request.
  Time since last request: 3792.070925 seconds.
  path: Assets/Scenes/GameScene.unity
  artifactKey: Guid(205bfb7ed70cbae0abf0a922b2e6e905) Importer(2089858483,0ecaa5967403d082aa24f35e1b516d23)
Start importing Assets/Scenes/GameScene.unity using Guid(205bfb7ed70cbae0abf0a922b2e6e905) Importer(2089858483,0ecaa5967403d082aa24f35e1b516d23) [PhysX] Initialized MultithreadedTaskDispatcher with 8 workers.
 -> (artifact id: '66eacbd1db01b0c4b194c949e6a0d0da') in 0.073128 seconds
Number of updated asset objects reloaded before import = 0
Number of asset objects unloaded after import = 1
========================================================================
Received Import Request.
  Time since last request: 0.000035 seconds.
  path: Assets/Scenes/MainMenu.unity
  artifactKey: Guid(9fc0d4010bbf28b4594072e72b8655ab) Importer(2089858483,0ecaa5967403d082aa24f35e1b516d23)
Start importing Assets/Scenes/MainMenu.unity using Guid(9fc0d4010bbf28b4594072e72b8655ab) Importer(2089858483,0ecaa5967403d082aa24f35e1b516d23) [PhysX] Initialized MultithreadedTaskDispatcher with 8 workers.
 -> (artifact id: '2921c624b4ab10031bcf0f5e0be3060f') in 0.002138 seconds
Number of updated asset objects reloaded before import = 0
Number of asset objects unloaded after import = 1
========================================================================
Received Import Request.
  Time since last request: 0.000039 seconds.
  path: Assets/NewBehaviourScript.cs
  artifactKey: Guid(5f41f35e58e08826bbfebe54b06a5b80) Importer(2089858483,0ecaa5967403d082aa24f35e1b516d23)
Start importing Assets/NewBehaviourScript.cs using Guid(5f41f35e58e08826bbfebe54b06a5b80) Importer(2089858483,0ecaa5967403d082aa24f35e1b516d23) [PhysX] Initialized MultithreadedTaskDispatcher with 8 workers.
 -> (artifact id: '3d51c8361e29a59770ff7497072daf10') in 0.036408 seconds
Number of updated asset objects reloaded before import = 0
Number of asset objects unloaded after import = 1
========================================================================
Received Import Request.
  Time since last request: 0.000022 seconds.
  path: Assets/Resources/wood_frame.png
  artifactKey: Guid(d7e0c5cb78bd4766abfc1ccca5157b49) Importer(2089858483,0ecaa5967403d082aa24f35e1b516d23)
Start importing Assets/Resources/wood_frame.png using Guid(d7e0c5cb78bd4766abfc1ccca5157b49) Importer(2089858483,0ecaa5967403d082aa24f35e1b516d23) [PhysX] Initialized MultithreadedTaskDispatcher with 8 workers.
 -> (artifact id: 'a4bf26015a1056a0c7d47260c2a5f234') in 0.073207 seconds
Number of updated asset objects reloaded before import = 0
Number of asset objects unloaded after import = 3
========================================================================
Received Import Request.
  Time since last request: 81.005651 seconds.
  path: Assets/Charttyp/Stylized fantasy pagan village/Texture/Ground_dirt_1_grass_2.terrainlayer
  artifactKey: Guid(8407fb4fbeddb4a4597e3990a2c0e329) Importer(2089858483,0ecaa5967403d082aa24f35e1b516d23)
Start importing Assets/Charttyp/Stylized fantasy pagan village/Texture/Ground_dirt_1_grass_2.terrainlayer using Guid(8407fb4fbeddb4a4597e3990a2c0e329) Importer(2089858483,0ecaa5967403d082aa24f35e1b516d23) [PhysX] Initialized MultithreadedTaskDispatcher with 8 workers.
 -> (artifact id: '147928bf70882a94e1482ec72e549975') in 0.009457 seconds
Number of updated asset objects reloaded before import = 0
Number of asset objects unloaded after import = 3
========================================================================
Received Import Request.
  Time since last request: 0.000023 seconds.
  path: Assets/Charttyp/Stylized fantasy pagan village/Meshes
  artifactKey: Guid(d6f34a780a8627648acea93bf391b6fc) Importer(2089858483,0ecaa5967403d082aa24f35e1b516d23)
Start importing Assets/Charttyp/Stylized fantasy pagan village/Meshes using Guid(d6f34a780a8627648acea93bf391b6fc) Importer(2089858483,0ecaa5967403d082aa24f35e1b516d23) [PhysX] Initialized MultithreadedTaskDispatcher with 8 workers.
 -> (artifact id: '4927d1e911abb5787223ff32c5f06b6f') in 0.001630 seconds
Number of updated asset objects reloaded before import = 0
Number of asset objects unloaded after import = 1
========================================================================
Received Import Request.
  Time since last request: 0.000018 seconds.
  path: Assets/Charttyp/Stylized fantasy pagan village/Texture/Texture_4_normal_2k.png
  artifactKey: Guid(64cb7c1500f5f1242bcf92c417824206) Importer(2089858483,0ecaa5967403d082aa24f35e1b516d23)
Start importing Assets/Charttyp/Stylized fantasy pagan village/Texture/Texture_4_normal_2k.png using Guid(64cb7c1500f5f1242bcf92c417824206) Importer(2089858483,0ecaa5967403d082aa24f35e1b516d23) [PhysX] Initialized MultithreadedTaskDispatcher with 8 workers.
 -> (artifact id: 'c7475b68e91373cb2de2ebdda1a2c86e') in 0.020170 seconds
Number of updated asset objects reloaded before import = 0
Number of asset objects unloaded after import = 1
========================================================================
Received Import Request.
  Time since last request: 0.000077 seconds.
  path: Assets/Charttyp/Stylized fantasy pagan village/Texture/Ground_dirt_1_grass_1_normals.png
  artifactKey: Guid(100d01004c8ab154d99428211211444c) Importer(2089858483,0ecaa5967403d082aa24f35e1b516d23)
Start importing Assets/Charttyp/Stylized fantasy pagan village/Texture/Ground_dirt_1_grass_1_normals.png using Guid(100d01004c8ab154d99428211211444c) Importer(2089858483,0ecaa5967403d082aa24f35e1b516d23) [PhysX] Initialized MultithreadedTaskDispatcher with 8 workers.
 -> (artifact id: '86825fdbe07a60b44e3e7584bada6bf7') in 0.011210 seconds
Number of updated asset objects reloaded before import = 0
Number of asset objects unloaded after import = 1
========================================================================
Received Import Request.
  Time since last request: 0.000015 seconds.
  path: Assets/Charttyp/Stylized fantasy pagan village/Meshes/Chest_plank_apple.fbx
  artifactKey: Guid(13c18d3e709b60d40b143c8d157e5287) Importer(2089858483,0ecaa5967403d082aa24f35e1b516d23)
Start importing Assets/Charttyp/Stylized fantasy pagan village/Meshes/Chest_plank_apple.fbx using Guid(13c18d3e709b60d40b143c8d157e5287) Importer(2089858483,0ecaa5967403d082aa24f35e1b516d23) [PhysX] Initialized MultithreadedTaskDispatcher with 8 workers.
 -> (artifact id: '538c52ad105a2855ea214c3f45096f0d') in 0.059781 seconds
Number of updated asset objects reloaded before import = 0
Number of asset objects unloaded after import = 7
========================================================================
Received Import Request.
  Time since last request: 0.000028 seconds.
  path: Assets/Charttyp/Stylized fantasy pagan village/PostProcess
  artifactKey: Guid(94cd82926d6beb441bbc92b8301fc65a) Importer(2089858483,0ecaa5967403d082aa24f35e1b516d23)
Start importing Assets/Charttyp/Stylized fantasy pagan village/PostProcess using Guid(94cd82926d6beb441bbc92b8301fc65a) Importer(2089858483,0ecaa5967403d082aa24f35e1b516d23) [PhysX] Initialized MultithreadedTaskDispatcher with 8 workers.
 -> (artifact id: '8bebcaaa0edb80092eb0fafcfce57803') in 0.002649 seconds
Number of updated asset objects reloaded before import = 0
Number of asset objects unloaded after import = 1
========================================================================
Received Import Request.
  Time since last request: 0.000030 seconds.
  path: Assets/Charttyp/Stylized fantasy pagan village/Information
  artifactKey: Guid(a00cc2433111d014eb1a1af0cd81918e) Importer(2089858483,0ecaa5967403d082aa24f35e1b516d23)
Start importing Assets/Charttyp/Stylized fantasy pagan village/Information using Guid(a00cc2433111d014eb1a1af0cd81918e) Importer(2089858483,0ecaa5967403d082aa24f35e1b516d23) [PhysX] Initialized MultithreadedTaskDispatcher with 8 workers.
 -> (artifact id: 'ccaa91b85e854350ca2009a0d3a76a68') in 0.002358 seconds
Number of updated asset objects reloaded before import = 0
Number of asset objects unloaded after import = 1
========================================================================
Received Import Request.
  Time since last request: 0.000036 seconds.
  path: Assets/Charttyp/Stylized fantasy pagan village/Prefabs/Fence_branches_1.prefab
  artifactKey: Guid(e3c368a37f8ef2745b302df902aa839d) Importer(2089858483,0ecaa5967403d082aa24f35e1b516d23)
Start importing Assets/Charttyp/Stylized fantasy pagan village/Prefabs/Fence_branches_1.prefab using Guid(e3c368a37f8ef2745b302df902aa839d) Importer(2089858483,0ecaa5967403d082aa24f35e1b516d23) [PhysX] Initialized MultithreadedTaskDispatcher with 8 workers.
 -> (artifact id: '0325fc13f337faa57c077097f09cc476') in 0.013700 seconds
Number of updated asset objects reloaded before import = 0
Number of asset objects unloaded after import = 13
========================================================================
Received Import Request.
  Time since last request: 0.000021 seconds.
  path: Assets/Charttyp/Stylized fantasy pagan village/Meshes/Tree_1.fbx
  artifactKey: Guid(a2bf7084e0f47f94ab48f69cf361b074) Importer(2089858483,0ecaa5967403d082aa24f35e1b516d23)
Start importing Assets/Charttyp/Stylized fantasy pagan village/Meshes/Tree_1.fbx using Guid(a2bf7084e0f47f94ab48f69cf361b074) Importer(2089858483,0ecaa5967403d082aa24f35e1b516d23) [PhysX] Initialized MultithreadedTaskDispatcher with 8 workers.
 -> (artifact id: '27c1a84834f268ef8fd0a51d2c060edd') in 0.020489 seconds
Number of updated asset objects reloaded before import = 0
Number of asset objects unloaded after import = 7
========================================================================
Received Import Request.
  Time since last request: 0.000032 seconds.
  path: Assets/Charttyp/Stylized fantasy pagan village/PostProcess/Main Camera Profile.asset
  artifactKey: Guid(06ca74fa0f957cc4a8bcc6939e36f702) Importer(2089858483,0ecaa5967403d082aa24f35e1b516d23)
Start importing Assets/Charttyp/Stylized fantasy pagan village/PostProcess/Main Camera Profile.asset using Guid(06ca74fa0f957cc4a8bcc6939e36f702) Importer(2089858483,0ecaa5967403d082aa24f35e1b516d23) [PhysX] Initialized MultithreadedTaskDispatcher with 8 workers.
 -> (artifact id: '9ec722e21cf99381a18b8144c062398e') in 0.002893 seconds
Number of updated asset objects reloaded before import = 0
Number of asset objects unloaded after import = 1
========================================================================
Received Import Request.
  Time since last request: 0.000020 seconds.
  path: Assets/Charttyp/Stylized fantasy pagan village/Texture/Ground_dirt_1.png
  artifactKey: Guid(44c0b5e4806810d48acfc62b5e8beafa) Importer(2089858483,0ecaa5967403d082aa24f35e1b516d23)
Start importing Assets/Charttyp/Stylized fantasy pagan village/Texture/Ground_dirt_1.png using Guid(44c0b5e4806810d48acfc62b5e8beafa) Importer(2089858483,0ecaa5967403d082aa24f35e1b516d23) [PhysX] Initialized MultithreadedTaskDispatcher with 8 workers.
 -> (artifact id: '740925f54cacc6c54b580044c689076a') in 0.017139 seconds
Number of updated asset objects reloaded before import = 0
Number of asset objects unloaded after import = 1
========================================================================
Received Import Request.
  Time since last request: 0.000024 seconds.
  path: Assets/Charttyp/Stylized fantasy pagan village/Terrain/Ground_grass.terrainlayer
  artifactKey: Guid(b4ef94d3ed07604469b95391586ce2d3) Importer(2089858483,0ecaa5967403d082aa24f35e1b516d23)
Start importing Assets/Charttyp/Stylized fantasy pagan village/Terrain/Ground_grass.terrainlayer using Guid(b4ef94d3ed07604469b95391586ce2d3) Importer(2089858483,0ecaa5967403d082aa24f35e1b516d23) [PhysX] Initialized MultithreadedTaskDispatcher with 8 workers.
 -> (artifact id: 'af705ad5d4192517d2ed33dd09ec4f70') in 0.008551 seconds
Number of updated asset objects reloaded before import = 0
Number of asset objects unloaded after import = 3
========================================================================
Received Import Request.
  Time since last request: 0.000020 seconds.
  path: Assets/Charttyp/Stylized fantasy pagan village/Meshes/Wheelbarrow.fbx
  artifactKey: Guid(87014aa826997d348a29ce823a9b74c1) Importer(2089858483,0ecaa5967403d082aa24f35e1b516d23)
Start importing Assets/Charttyp/Stylized fantasy pagan village/Meshes/Wheelbarrow.fbx using Guid(87014aa826997d348a29ce823a9b74c1) Importer(2089858483,0ecaa5967403d082aa24f35e1b516d23) [PhysX] Initialized MultithreadedTaskDispatcher with 8 workers.
 -> (artifact id: '3cbf4151255ecff968214e0ade73a89e') in 0.016608 seconds
Number of updated asset objects reloaded before import = 0
Number of asset objects unloaded after import = 14
========================================================================
Received Import Request.
  Time since last request: 0.000020 seconds.
  path: Assets/Charttyp/Stylized fantasy pagan village/Texture/Texture_4_2k.png
  artifactKey: Guid(8c68af898286b5148902f3a332789035) Importer(2089858483,0ecaa5967403d082aa24f35e1b516d23)
Start importing Assets/Charttyp/Stylized fantasy pagan village/Texture/Texture_4_2k.png using Guid(8c68af898286b5148902f3a332789035) Importer(2089858483,0ecaa5967403d082aa24f35e1b516d23) [PhysX] Initialized MultithreadedTaskDispatcher with 8 workers.
 -> (artifact id: 'bb9a30e306820a210983f765e80df071') in 0.013777 seconds
Number of updated asset objects reloaded before import = 0
Number of asset objects unloaded after import = 1
========================================================================
Received Import Request.
  Time since last request: 0.000028 seconds.
  path: Assets/Charttyp/Stylized fantasy pagan village/Materials/Material_2.mat
  artifactKey: Guid(a2a830195e47af44e98181cfc346e409) Importer(2089858483,0ecaa5967403d082aa24f35e1b516d23)
Start importing Assets/Charttyp/Stylized fantasy pagan village/Materials/Material_2.mat using Guid(a2a830195e47af44e98181cfc346e409) Importer(2089858483,0ecaa5967403d082aa24f35e1b516d23) [PhysX] Initialized MultithreadedTaskDispatcher with 8 workers.
 -> (artifact id: 'be4c73ca9cdad43506bbbdc7ca6ed870') in 0.072708 seconds
Number of updated asset objects reloaded before import = 0
Number of asset objects unloaded after import = 3
========================================================================
Received Import Request.
  Time since last request: 0.000075 seconds.
  path: Assets/Charttyp/Stylized fantasy pagan village/Meshes/Fence_1.fbx
  artifactKey: Guid(49d931236c568f3419a6c10df1cf6a11) Importer(2089858483,0ecaa5967403d082aa24f35e1b516d23)
Start importing Assets/Charttyp/Stylized fantasy pagan village/Meshes/Fence_1.fbx using Guid(49d931236c568f3419a6c10df1cf6a11) Importer(2089858483,0ecaa5967403d082aa24f35e1b516d23) [PhysX] Initialized MultithreadedTaskDispatcher with 8 workers.
 -> (artifact id: '467b755ce538778d4edfb4d9a627e6c8') in 0.011797 seconds
Number of updated asset objects reloaded before import = 0
Number of asset objects unloaded after import = 7
========================================================================
Received Import Request.
  Time since last request: 0.000018 seconds.
  path: Assets/Charttyp/Stylized fantasy pagan village/Meshes/Chest_1.fbx
  artifactKey: Guid(82ec328cfe12f4940b8789308622f562) Importer(2089858483,0ecaa5967403d082aa24f35e1b516d23)
Start importing Assets/Charttyp/Stylized fantasy pagan village/Meshes/Chest_1.fbx using Guid(82ec328cfe12f4940b8789308622f562) Importer(2089858483,0ecaa5967403d082aa24f35e1b516d23) [PhysX] Initialized MultithreadedTaskDispatcher with 8 workers.
 -> (artifact id: '434b70eca6236b520eaccbcce535ca93') in 0.016671 seconds
Number of updated asset objects reloaded before import = 0
Number of asset objects unloaded after import = 7
========================================================================
Received Import Request.
  Time since last request: 0.000038 seconds.
  path: Assets/Charttyp/Stylized fantasy pagan village/Texture/Texture_5_normal_2k.png
  artifactKey: Guid(6c9d9a845a3cd86439eafdeb7e19b660) Importer(2089858483,0ecaa5967403d082aa24f35e1b516d23)
Start importing Assets/Charttyp/Stylized fantasy pagan village/Texture/Texture_5_normal_2k.png using Guid(6c9d9a845a3cd86439eafdeb7e19b660) Importer(2089858483,0ecaa5967403d082aa24f35e1b516d23) [PhysX] Initialized MultithreadedTaskDispatcher with 8 workers.
 -> (artifact id: '7b1f511e44f77744d14e14d8bb3f2953') in 0.017366 seconds
Number of updated asset objects reloaded before import = 0
Number of asset objects unloaded after import = 1
========================================================================
Received Import Request.
  Time since last request: 0.000026 seconds.
  path: Assets/Charttyp/Stylized fantasy pagan village/Meshes/Sack_closed_2.fbx
  artifactKey: Guid(4b3558f780e53b74a9052d7b4e233fbf) Importer(2089858483,0ecaa5967403d082aa24f35e1b516d23)
Start importing Assets/Charttyp/Stylized fantasy pagan village/Meshes/Sack_closed_2.fbx using Guid(4b3558f780e53b74a9052d7b4e233fbf) Importer(2089858483,0ecaa5967403d082aa24f35e1b516d23) [PhysX] Initialized MultithreadedTaskDispatcher with 8 workers.
 -> (artifact id: '564461b9dfe27a3dc7062a232f00cff4') in 0.012246 seconds
Number of updated asset objects reloaded before import = 0
Number of asset objects unloaded after import = 7
========================================================================
Received Import Request.
  Time since last request: 0.000044 seconds.
  path: Assets/Charttyp/Stylized fantasy pagan village/Meshes/Branch_1.fbx
  artifactKey: Guid(c51cb65e468f4aa4ca01ded3c255c885) Importer(2089858483,0ecaa5967403d082aa24f35e1b516d23)
Start importing Assets/Charttyp/Stylized fantasy pagan village/Meshes/Branch_1.fbx using Guid(c51cb65e468f4aa4ca01ded3c255c885) Importer(2089858483,0ecaa5967403d082aa24f35e1b516d23) [PhysX] Initialized MultithreadedTaskDispatcher with 8 workers.
 -> (artifact id: '0d46d4c988acee269168544a385b8535') in 0.014914 seconds
Number of updated asset objects reloaded before import = 0
Number of asset objects unloaded after import = 7
========================================================================
Received Import Request.
  Time since last request: 0.000027 seconds.
  path: Assets/Charttyp/Stylized fantasy pagan village/Terrain
  artifactKey: Guid(8e194d434e88e404abcdf5a299f8739d) Importer(2089858483,0ecaa5967403d082aa24f35e1b516d23)
Start importing Assets/Charttyp/Stylized fantasy pagan village/Terrain using Guid(8e194d434e88e404abcdf5a299f8739d) Importer(2089858483,0ecaa5967403d082aa24f35e1b516d23) [PhysX] Initialized MultithreadedTaskDispatcher with 8 workers.
 -> (artifact id: '01b9b5c128d5c07298f44b8b934b89a9') in 0.002484 seconds
Number of updated asset objects reloaded before import = 0
Number of asset objects unloaded after import = 1
========================================================================
Received Import Request.
  Time since last request: 0.000022 seconds.
  path: Assets/Charttyp/Stylized fantasy pagan village/Texture/Texture_3_normal_2k.png
  artifactKey: Guid(367e8d6d87a66414fa4246a0e55e90c8) Importer(2089858483,0ecaa5967403d082aa24f35e1b516d23)
Start importing Assets/Charttyp/Stylized fantasy pagan village/Texture/Texture_3_normal_2k.png using Guid(367e8d6d87a66414fa4246a0e55e90c8) Importer(2089858483,0ecaa5967403d082aa24f35e1b516d23) [PhysX] Initialized MultithreadedTaskDispatcher with 8 workers.
 -> (artifact id: '5e54f86f9fa708cf953d7e7e0eab76eb') in 0.013972 seconds
Number of updated asset objects reloaded before import = 0
Number of asset objects unloaded after import = 1
========================================================================
Received Import Request.
  Time since last request: 0.000028 seconds.
  path: Assets/Charttyp/Stylized fantasy pagan village/Meshes/Fence_branches_1.fbx
  artifactKey: Guid(4431296f851368b44ad30f882386bf93) Importer(2089858483,0ecaa5967403d082aa24f35e1b516d23)
Start importing Assets/Charttyp/Stylized fantasy pagan village/Meshes/Fence_branches_1.fbx using Guid(4431296f851368b44ad30f882386bf93) Importer(2089858483,0ecaa5967403d082aa24f35e1b516d23) [PhysX] Initialized MultithreadedTaskDispatcher with 8 workers.
 -> (artifact id: 'ef506228fd115d900ab8d3f31acb6a21') in 0.018925 seconds
Number of updated asset objects reloaded before import = 0
Number of asset objects unloaded after import = 7
========================================================================
Received Import Request.
  Time since last request: 0.000025 seconds.
  path: Assets/Charttyp/Stylized fantasy pagan village/Texture/Texture_8_alpha_2k.png
  artifactKey: Guid(97fab5f68092960458b7562f2425c8ad) Importer(2089858483,0ecaa5967403d082aa24f35e1b516d23)
Start importing Assets/Charttyp/Stylized fantasy pagan village/Texture/Texture_8_alpha_2k.png using Guid(97fab5f68092960458b7562f2425c8ad) Importer(2089858483,0ecaa5967403d082aa24f35e1b516d23) [PhysX] Initialized MultithreadedTaskDispatcher with 8 workers.
 -> (artifact id: 'f7e3f342d83ba284b2460ce7a49ba82a') in 0.020810 seconds
Number of updated asset objects reloaded before import = 0
Number of asset objects unloaded after import = 1
========================================================================
Received Import Request.
  Time since last request: 0.000038 seconds.
  path: Assets/Charttyp/Stylized fantasy pagan village/Meshes/Laundry_hanger_1.fbx
  artifactKey: Guid(9e2ff0527d1116f49a10ae9a86537a9a) Importer(2089858483,0ecaa5967403d082aa24f35e1b516d23)
Start importing Assets/Charttyp/Stylized fantasy pagan village/Meshes/Laundry_hanger_1.fbx using Guid(9e2ff0527d1116f49a10ae9a86537a9a) Importer(2089858483,0ecaa5967403d082aa24f35e1b516d23) [PhysX] Initialized MultithreadedTaskDispatcher with 8 workers.
 -> (artifact id: 'ab58bd08292e31fbabed0ef5d79f319f') in 0.021808 seconds
Number of updated asset objects reloaded before import = 0
Number of asset objects unloaded after import = 7
========================================================================
Received Import Request.
  Time since last request: 0.000026 seconds.
  path: Assets/Charttyp/Stylized fantasy pagan village/Texture/Ground_grass.png
  artifactKey: Guid(8833a43f324649b419430e90c3e30a74) Importer(2089858483,0ecaa5967403d082aa24f35e1b516d23)
Start importing Assets/Charttyp/Stylized fantasy pagan village/Texture/Ground_grass.png using Guid(8833a43f324649b419430e90c3e30a74) Importer(2089858483,0ecaa5967403d082aa24f35e1b516d23) [PhysX] Initialized MultithreadedTaskDispatcher with 8 workers.
 -> (artifact id: '118c07fc751e5f22c2b0b6fa8302d5a2') in 0.019423 seconds
Number of updated asset objects reloaded before import = 0
Number of asset objects unloaded after import = 1
========================================================================
Received Import Request.
  Time since last request: 0.000024 seconds.
  path: Assets/Charttyp/Stylized fantasy pagan village/Texture/Ground_dirt_1_normals.png
  artifactKey: Guid(0d1eb9d222af4a74993b08a236d8ce3d) Importer(2089858483,0ecaa5967403d082aa24f35e1b516d23)
Start importing Assets/Charttyp/Stylized fantasy pagan village/Texture/Ground_dirt_1_normals.png using Guid(0d1eb9d222af4a74993b08a236d8ce3d) Importer(2089858483,0ecaa5967403d082aa24f35e1b516d23) [PhysX] Initialized MultithreadedTaskDispatcher with 8 workers.
 -> (artifact id: '65674f0407b99156cc1efdae2656eb73') in 0.015836 seconds
Number of updated asset objects reloaded before import = 0
Number of asset objects unloaded after import = 1
========================================================================
Received Import Request.
  Time since last request: 0.000019 seconds.
  path: Assets/Charttyp/Stylized fantasy pagan village/Terrain/Ground_dirt_1.terrainlayer
  artifactKey: Guid(1a385cbb699bda34c9e3cdd403046757) Importer(2089858483,0ecaa5967403d082aa24f35e1b516d23)
Start importing Assets/Charttyp/Stylized fantasy pagan village/Terrain/Ground_dirt_1.terrainlayer using Guid(1a385cbb699bda34c9e3cdd403046757) Importer(2089858483,0ecaa5967403d082aa24f35e1b516d23) [PhysX] Initialized MultithreadedTaskDispatcher with 8 workers.
 -> (artifact id: '8a0577562753b8515ca70a25e600124f') in 0.004920 seconds
Number of updated asset objects reloaded before import = 0
Number of asset objects unloaded after import = 3
========================================================================
Received Import Request.
  Time since last request: 0.000017 seconds.
  path: Assets/Charttyp/Stylized fantasy pagan village/Prefabs/Laundry_hanger_1.prefab
  artifactKey: Guid(50b05f5887ffab04cada141d5819faca) Importer(2089858483,0ecaa5967403d082aa24f35e1b516d23)
Start importing Assets/Charttyp/Stylized fantasy pagan village/Prefabs/Laundry_hanger_1.prefab using Guid(50b05f5887ffab04cada141d5819faca) Importer(2089858483,0ecaa5967403d082aa24f35e1b516d23) [PhysX] Initialized MultithreadedTaskDispatcher with 8 workers.
 -> (artifact id: 'c522bf7661ca9a6dfd8604502b7678d9') in 0.006582 seconds
Number of updated asset objects reloaded before import = 0
Number of asset objects unloaded after import = 13
========================================================================
Received Import Request.
  Time since last request: 0.000024 seconds.
  path: Assets/Charttyp/Stylized fantasy pagan village/Materials/Material_5.mat
  artifactKey: Guid(cdac03f89934c9e4590ce77ceb8f24ca) Importer(2089858483,0ecaa5967403d082aa24f35e1b516d23)
Start importing Assets/Charttyp/Stylized fantasy pagan village/Materials/Material_5.mat using Guid(cdac03f89934c9e4590ce77ceb8f24ca) Importer(2089858483,0ecaa5967403d082aa24f35e1b516d23) [PhysX] Initialized MultithreadedTaskDispatcher with 8 workers.
 -> (artifact id: '35d7bef585029236a547c2c01feb38b3') in 0.011121 seconds
Number of updated asset objects reloaded before import = 0
Number of asset objects unloaded after import = 3
========================================================================
Received Import Request.
  Time since last request: 0.000025 seconds.
  path: Assets/Charttyp/Stylized fantasy pagan village/Materials/Material_3.mat
  artifactKey: Guid(2d966525461c54040bc242b3cb382ad6) Importer(2089858483,0ecaa5967403d082aa24f35e1b516d23)
Start importing Assets/Charttyp/Stylized fantasy pagan village/Materials/Material_3.mat using Guid(2d966525461c54040bc242b3cb382ad6) Importer(2089858483,0ecaa5967403d082aa24f35e1b516d23) [PhysX] Initialized MultithreadedTaskDispatcher with 8 workers.
 -> (artifact id: 'ad25627409e137f6f515abb32beddd11') in 0.015195 seconds
Number of updated asset objects reloaded before import = 0
Number of asset objects unloaded after import = 3
========================================================================
Received Import Request.
  Time since last request: 0.000029 seconds.
  path: Assets/Charttyp/Stylized fantasy pagan village/Prefabs/Bush_2.prefab
  artifactKey: Guid(3cb555c6203471443b9a188e07a6c0dc) Importer(2089858483,0ecaa5967403d082aa24f35e1b516d23)
Start importing Assets/Charttyp/Stylized fantasy pagan village/Prefabs/Bush_2.prefab using Guid(3cb555c6203471443b9a188e07a6c0dc) Importer(2089858483,0ecaa5967403d082aa24f35e1b516d23) [PhysX] Initialized MultithreadedTaskDispatcher with 8 workers.
 -> (artifact id: 'ad3936aa9d613855758bcaa353ebde18') in 0.005714 seconds
Number of updated asset objects reloaded before import = 0
Number of asset objects unloaded after import = 13
========================================================================
Received Import Request.
  Time since last request: 0.000032 seconds.
  path: Assets/Charttyp/Stylized fantasy pagan village/Texture
  artifactKey: Guid(543a6518267f2a64a91aa7b3d2b57fd0) Importer(2089858483,0ecaa5967403d082aa24f35e1b516d23)
Start importing Assets/Charttyp/Stylized fantasy pagan village/Texture using Guid(543a6518267f2a64a91aa7b3d2b57fd0) Importer(2089858483,0ecaa5967403d082aa24f35e1b516d23) [PhysX] Initialized MultithreadedTaskDispatcher with 8 workers.
 -> (artifact id: 'af74f925c358cf5613daf7117db018f0') in 0.001957 seconds
Number of updated asset objects reloaded before import = 0
Number of asset objects unloaded after import = 1
========================================================================
Received Import Request.
  Time since last request: 0.000019 seconds.
  path: Assets/Charttyp/Stylized fantasy pagan village/Prefabs/Barrel_1.prefab
  artifactKey: Guid(8b6a94e46a7a3ce4694a73a263603d0e) Importer(2089858483,0ecaa5967403d082aa24f35e1b516d23)
Start importing Assets/Charttyp/Stylized fantasy pagan village/Prefabs/Barrel_1.prefab using Guid(8b6a94e46a7a3ce4694a73a263603d0e) Importer(2089858483,0ecaa5967403d082aa24f35e1b516d23) [PhysX] Initialized MultithreadedTaskDispatcher with 8 workers.
 -> (artifact id: 'e60bff61e604d5bd4e4beca8c2c00f25') in 0.007830 seconds
Number of updated asset objects reloaded before import = 0
Number of asset objects unloaded after import = 13
========================================================================
Received Import Request.
  Time since last request: 0.000025 seconds.
  path: Assets/Charttyp/Stylized fantasy pagan village/Materials/Material_4.mat
  artifactKey: Guid(b9d89a2f05eebc5409ce5fe34a498f0f) Importer(2089858483,0ecaa5967403d082aa24f35e1b516d23)
Start importing Assets/Charttyp/Stylized fantasy pagan village/Materials/Material_4.mat using Guid(b9d89a2f05eebc5409ce5fe34a498f0f) Importer(2089858483,0ecaa5967403d082aa24f35e1b516d23) [PhysX] Initialized MultithreadedTaskDispatcher with 8 workers.
 -> (artifact id: '0f7f6ffb1604dd01a87babd901bcdbaa') in 0.009316 seconds
Number of updated asset objects reloaded before import = 0
Number of asset objects unloaded after import = 3
========================================================================
Received Import Request.
  Time since last request: 0.000025 seconds.
  path: Assets/Charttyp/Stylized fantasy pagan village/Prefabs/Grass_1.prefab
  artifactKey: Guid(2f6e2101e3cef964da1236f884c3e582) Importer(2089858483,0ecaa5967403d082aa24f35e1b516d23)
Start importing Assets/Charttyp/Stylized fantasy pagan village/Prefabs/Grass_1.prefab using Guid(2f6e2101e3cef964da1236f884c3e582) Importer(2089858483,0ecaa5967403d082aa24f35e1b516d23) [PhysX] Initialized MultithreadedTaskDispatcher with 8 workers.
 -> (artifact id: 'd5e8d152e3f5b063101ef746a4d217da') in 0.006682 seconds
Number of updated asset objects reloaded before import = 0
Number of asset objects unloaded after import = 13
========================================================================
Received Import Request.
  Time since last request: 0.000054 seconds.
  path: Assets/Charttyp/Stylized fantasy pagan village/Prefabs/Chest_1.prefab
  artifactKey: Guid(a2d0e5373a1b63a4698a18db0e1839ae) Importer(2089858483,0ecaa5967403d082aa24f35e1b516d23)
Start importing Assets/Charttyp/Stylized fantasy pagan village/Prefabs/Chest_1.prefab using Guid(a2d0e5373a1b63a4698a18db0e1839ae) Importer(2089858483,0ecaa5967403d082aa24f35e1b516d23) [PhysX] Initialized MultithreadedTaskDispatcher with 8 workers.
 -> (artifact id: 'feb7e2db335925544a66d66eea29fe81') in 0.007502 seconds
Number of updated asset objects reloaded before import = 0
Number of asset objects unloaded after import = 13
========================================================================
Received Import Request.
  Time since last request: 0.000024 seconds.
  path: Assets/Charttyp/Stylized fantasy pagan village/Texture/Texture_5_2k.png
  artifactKey: Guid(14ad4790d4a4e244e9e9e66958ef00c8) Importer(2089858483,0ecaa5967403d082aa24f35e1b516d23)
Start importing Assets/Charttyp/Stylized fantasy pagan village/Texture/Texture_5_2k.png using Guid(14ad4790d4a4e244e9e9e66958ef00c8) Importer(2089858483,0ecaa5967403d082aa24f35e1b516d23) [PhysX] Initialized MultithreadedTaskDispatcher with 8 workers.
 -> (artifact id: '63e2c3b65648fca456414b759ba72b29') in 0.010820 seconds
Number of updated asset objects reloaded before import = 0
Number of asset objects unloaded after import = 1
========================================================================
Received Import Request.
  Time since last request: 0.000029 seconds.
  path: Assets/Charttyp/Stylized fantasy pagan village/Terrain/Ground_dirt_1_grass_1.terrainlayer
  artifactKey: Guid(87fe837065b500541b34632497beb088) Importer(2089858483,0ecaa5967403d082aa24f35e1b516d23)
Start importing Assets/Charttyp/Stylized fantasy pagan village/Terrain/Ground_dirt_1_grass_1.terrainlayer using Guid(87fe837065b500541b34632497beb088) Importer(2089858483,0ecaa5967403d082aa24f35e1b516d23) [PhysX] Initialized MultithreadedTaskDispatcher with 8 workers.
 -> (artifact id: '0cd1d4e026c3ac027f985323a3e2217f') in 0.007208 seconds
Number of updated asset objects reloaded before import = 0
Number of asset objects unloaded after import = 3
========================================================================
Received Import Request.
  Time since last request: 0.000017 seconds.
  path: Assets/Charttyp/Stylized fantasy pagan village/Texture/Ground_grass_normals.png
  artifactKey: Guid(91df66b4970c4834da0bed7e35b84ac0) Importer(2089858483,0ecaa5967403d082aa24f35e1b516d23)
Start importing Assets/Charttyp/Stylized fantasy pagan village/Texture/Ground_grass_normals.png using Guid(91df66b4970c4834da0bed7e35b84ac0) Importer(2089858483,0ecaa5967403d082aa24f35e1b516d23) [PhysX] Initialized MultithreadedTaskDispatcher with 8 workers.
 -> (artifact id: 'e3fea191906576bc84f44487542ef510') in 0.011921 seconds
Number of updated asset objects reloaded before import = 0
Number of asset objects unloaded after import = 1
========================================================================
Received Import Request.
  Time since last request: 1.644001 seconds.
  path: Assets/Resources/Main Sceen.jpg
  artifactKey: Guid(e5774e6e871575e0097365c63a8306f6) Importer(815301076,1909f56bfc062723c751e8b465ee728b)
Start importing Assets/Resources/Main Sceen.jpg using Guid(e5774e6e871575e0097365c63a8306f6) Importer(815301076,1909f56bfc062723c751e8b465ee728b) [PhysX] Initialized MultithreadedTaskDispatcher with 8 workers.
[PhysX] Initialized MultithreadedTaskDispatcher with 8 workers.
 -> (artifact id: 'ae187b5a4461a4391eb67d9d1df8ea78') in 0.049420 seconds
Number of updated asset objects reloaded before import = 0
Number of asset objects unloaded after import = 3
========================================================================
Received Import Request.
  Time since last request: 0.000020 seconds.
  path: Assets/Resources/wood_broad_1.png
  artifactKey: Guid(5c5a188d148303b54b7a62f911126296) Importer(815301076,1909f56bfc062723c751e8b465ee728b)
Start importing Assets/Resources/wood_broad_1.png using Guid(5c5a188d148303b54b7a62f911126296) Importer(815301076,1909f56bfc062723c751e8b465ee728b) [PhysX] Initialized MultithreadedTaskDispatcher with 8 workers.
[PhysX] Initialized MultithreadedTaskDispatcher with 8 workers.
 -> (artifact id: '6e836e0988044c18a91f0d2d3353abab') in 0.008184 seconds
Number of updated asset objects reloaded before import = 0
Number of asset objects unloaded after import = 3
========================================================================
Received Import Request.
  Time since last request: 0.000028 seconds.
  path: Assets/Resources/wood_frame.png
  artifactKey: Guid(d7e0c5cb78bd4766abfc1ccca5157b49) Importer(815301076,1909f56bfc062723c751e8b465ee728b)
Start importing Assets/Resources/wood_frame.png using Guid(d7e0c5cb78bd4766abfc1ccca5157b49) Importer(815301076,1909f56bfc062723c751e8b465ee728b) [PhysX] Initialized MultithreadedTaskDispatcher with 8 workers.
[PhysX] Initialized MultithreadedTaskDispatcher with 8 workers.
 -> (artifact id: '4790d69b9090bc593a70f3e4e644185c') in 0.008400 seconds
Number of updated asset objects reloaded before import = 0
Number of asset objects unloaded after import = 3
========================================================================
Received Import Request.
  Time since last request: 5.564963 seconds.
  path: Assets/Charttyp/Stylized fantasy pagan village/Materials/Material_2.mat
  artifactKey: Guid(a2a830195e47af44e98181cfc346e409) Importer(815301076,1909f56bfc062723c751e8b465ee728b)
Start importing Assets/Charttyp/Stylized fantasy pagan village/Materials/Material_2.mat using Guid(a2a830195e47af44e98181cfc346e409) Importer(815301076,1909f56bfc062723c751e8b465ee728b) [PhysX] Initialized MultithreadedTaskDispatcher with 8 workers.
[PhysX] Initialized MultithreadedTaskDispatcher with 8 workers.
 -> (artifact id: 'f63e26ae91226fdb01095aca7f94386e') in 0.304581 seconds
Number of updated asset objects reloaded before import = 0
Number of asset objects unloaded after import = 3
========================================================================
Received Import Request.
  Time since last request: 0.000037 seconds.
  path: Assets/Charttyp/Stylized fantasy pagan village/Materials/Material_3.mat
  artifactKey: Guid(2d966525461c54040bc242b3cb382ad6) Importer(815301076,1909f56bfc062723c751e8b465ee728b)
Start importing Assets/Charttyp/Stylized fantasy pagan village/Materials/Material_3.mat using Guid(2d966525461c54040bc242b3cb382ad6) Importer(815301076,1909f56bfc062723c751e8b465ee728b) [PhysX] Initialized MultithreadedTaskDispatcher with 8 workers.
[PhysX] Initialized MultithreadedTaskDispatcher with 8 workers.
 -> (artifact id: '971ebcc7f1a4694849089e5cc11b1590') in 0.010193 seconds
Number of updated asset objects reloaded before import = 0
Number of asset objects unloaded after import = 3
========================================================================
Received Import Request.
  Time since last request: 0.000038 seconds.
  path: Assets/Charttyp/Stylized fantasy pagan village/Materials/Material_5.mat
  artifactKey: Guid(cdac03f89934c9e4590ce77ceb8f24ca) Importer(815301076,1909f56bfc062723c751e8b465ee728b)
Start importing Assets/Charttyp/Stylized fantasy pagan village/Materials/Material_5.mat using Guid(cdac03f89934c9e4590ce77ceb8f24ca) Importer(815301076,1909f56bfc062723c751e8b465ee728b) [PhysX] Initialized MultithreadedTaskDispatcher with 8 workers.
[PhysX] Initialized MultithreadedTaskDispatcher with 8 workers.
 -> (artifact id: 'a93ff5c46f01de5ba96b1bdd2b0eb38a') in 0.013017 seconds
Number of updated asset objects reloaded before import = 0
Number of asset objects unloaded after import = 3
========================================================================
Received Import Request.
  Time since last request: 5.662069 seconds.
  path: Assets/Charttyp/Stylized fantasy pagan village/Prefabs/Branch_1.prefab
  artifactKey: Guid(95eec7eaaa07f9d4eb9c3defb4ccbe5c) Importer(815301076,1909f56bfc062723c751e8b465ee728b)
Start importing Assets/Charttyp/Stylized fantasy pagan village/Prefabs/Branch_1.prefab using Guid(95eec7eaaa07f9d4eb9c3defb4ccbe5c) Importer(815301076,1909f56bfc062723c751e8b465ee728b) [PhysX] Initialized MultithreadedTaskDispatcher with 8 workers.
[PhysX] Initialized MultithreadedTaskDispatcher with 8 workers.
 -> (artifact id: 'db5e4a8bc958168a8b18f7494ca1aec6') in 0.023644 seconds
Number of updated asset objects reloaded before import = 0
Number of asset objects unloaded after import = 17
========================================================================
Received Import Request.
  Time since last request: 0.000033 seconds.
  path: Assets/Charttyp/Stylized fantasy pagan village/Prefabs/Chest_1.prefab
  artifactKey: Guid(a2d0e5373a1b63a4698a18db0e1839ae) Importer(815301076,1909f56bfc062723c751e8b465ee728b)
Start importing Assets/Charttyp/Stylized fantasy pagan village/Prefabs/Chest_1.prefab using Guid(a2d0e5373a1b63a4698a18db0e1839ae) Importer(815301076,1909f56bfc062723c751e8b465ee728b) [PhysX] Initialized MultithreadedTaskDispatcher with 8 workers.
[PhysX] Initialized MultithreadedTaskDispatcher with 8 workers.
 -> (artifact id: '41099684c17eafc4b441fa27ae40deb5') in 0.010864 seconds
Number of updated asset objects reloaded before import = 0
Number of asset objects unloaded after import = 17
========================================================================
Received Import Request.
  Time since last request: 0.000044 seconds.
  path: Assets/Charttyp/Stylized fantasy pagan village/Prefabs/Chest_plank_apple.prefab
  artifactKey: Guid(2146705ef107259438aca88b0e511407) Importer(815301076,1909f56bfc062723c751e8b465ee728b)
Start importing Assets/Charttyp/Stylized fantasy pagan village/Prefabs/Chest_plank_apple.prefab using Guid(2146705ef107259438aca88b0e511407) Importer(815301076,1909f56bfc062723c751e8b465ee728b) [PhysX] Initialized MultithreadedTaskDispatcher with 8 workers.
[PhysX] Initialized MultithreadedTaskDispatcher with 8 workers.
 -> (artifact id: '9f55a0332aa889c2715316fca24804bd') in 0.014732 seconds
Number of updated asset objects reloaded before import = 0
Number of asset objects unloaded after import = 17
========================================================================
Received Import Request.
  Time since last request: 0.000029 seconds.
  path: Assets/Charttyp/Stylized fantasy pagan village/Prefabs/Wheelbarrow.prefab
  artifactKey: Guid(74da8838202e91e4cb48cbb796610a97) Importer(815301076,1909f56bfc062723c751e8b465ee728b)
Start importing Assets/Charttyp/Stylized fantasy pagan village/Prefabs/Wheelbarrow.prefab using Guid(74da8838202e91e4cb48cbb796610a97) Importer(815301076,1909f56bfc062723c751e8b465ee728b) [PhysX] Initialized MultithreadedTaskDispatcher with 8 workers.
[PhysX] Initialized MultithreadedTaskDispatcher with 8 workers.
 -> (artifact id: 'dd3899e62f9de2172aed0b5950f22f2e') in 0.017035 seconds
Number of updated asset objects reloaded before import = 0
Number of asset objects unloaded after import = 30
========================================================================
Received Import Request.
  Time since last request: 0.000054 seconds.
  path: Assets/Charttyp/Stylized fantasy pagan village/Prefabs/Sack_closed_2.prefab
  artifactKey: Guid(a4300ec32e38bfa45b153f339877e151) Importer(815301076,1909f56bfc062723c751e8b465ee728b)
Start importing Assets/Charttyp/Stylized fantasy pagan village/Prefabs/Sack_closed_2.prefab using Guid(a4300ec32e38bfa45b153f339877e151) Importer(815301076,1909f56bfc062723c751e8b465ee728b) [PhysX] Initialized MultithreadedTaskDispatcher with 8 workers.
[PhysX] Initialized MultithreadedTaskDispatcher with 8 workers.
 -> (artifact id: 'ee12431489d7e6e6eef7d3edd30255cf') in 0.013526 seconds
Number of updated asset objects reloaded before import = 0
Number of asset objects unloaded after import = 17
========================================================================
Received Import Request.
  Time since last request: 0.000027 seconds.
  path: Assets/Charttyp/Stylized fantasy pagan village/Prefabs/Fence_branches_1.prefab
  artifactKey: Guid(e3c368a37f8ef2745b302df902aa839d) Importer(815301076,1909f56bfc062723c751e8b465ee728b)
Start importing Assets/Charttyp/Stylized fantasy pagan village/Prefabs/Fence_branches_1.prefab using Guid(e3c368a37f8ef2745b302df902aa839d) Importer(815301076,1909f56bfc062723c751e8b465ee728b) [PhysX] Initialized MultithreadedTaskDispatcher with 8 workers.
[PhysX] Initialized MultithreadedTaskDispatcher with 8 workers.
 -> (artifact id: 'e41f5674f903f96af90080b7e40af4d0') in 0.015658 seconds
Number of updated asset objects reloaded before import = 0
Number of asset objects unloaded after import = 17
========================================================================
Received Import Request.
  Time since last request: 0.000021 seconds.
  path: Assets/Charttyp/Stylized fantasy pagan village/Prefabs/Fence_1.prefab
  artifactKey: Guid(67a81418ac3e9e74590681e75bee6b15) Importer(815301076,1909f56bfc062723c751e8b465ee728b)
Start importing Assets/Charttyp/Stylized fantasy pagan village/Prefabs/Fence_1.prefab using Guid(67a81418ac3e9e74590681e75bee6b15) Importer(815301076,1909f56bfc062723c751e8b465ee728b) [PhysX] Initialized MultithreadedTaskDispatcher with 8 workers.
[PhysX] Initialized MultithreadedTaskDispatcher with 8 workers.
 -> (artifact id: 'c2d6434658aa382fb5aed0f604e316df') in 0.019853 seconds
Number of updated asset objects reloaded before import = 0
Number of asset objects unloaded after import = 20
========================================================================
Received Import Request.
  Time since last request: 17.030102 seconds.
  path: Assets/Charttyp/Stylized fantasy pagan village/Meshes/Branch_1.fbx
  artifactKey: Guid(c51cb65e468f4aa4ca01ded3c255c885) Importer(815301076,1909f56bfc062723c751e8b465ee728b)
Start importing Assets/Charttyp/Stylized fantasy pagan village/Meshes/Branch_1.fbx using Guid(c51cb65e468f4aa4ca01ded3c255c885) Importer(815301076,1909f56bfc062723c751e8b465ee728b) [PhysX] Initialized MultithreadedTaskDispatcher with 8 workers.
[PhysX] Initialized MultithreadedTaskDispatcher with 8 workers.
[PhysX] Initialized MultithreadedTaskDispatcher with 8 workers.
 -> (artifact id: '9fae0fa5e69703e439959b961023799a') in 0.319620 seconds
Number of updated asset objects reloaded before import = 0
Number of asset objects unloaded after import = 7
========================================================================
Received Import Request.
  Time since last request: 0.000023 seconds.
  path: Assets/Charttyp/Stylized fantasy pagan village/Meshes/Fence_branches_1.fbx
  artifactKey: Guid(4431296f851368b44ad30f882386bf93) Importer(815301076,1909f56bfc062723c751e8b465ee728b)
Start importing Assets/Charttyp/Stylized fantasy pagan village/Meshes/Fence_branches_1.fbx using Guid(4431296f851368b44ad30f882386bf93) Importer(815301076,1909f56bfc062723c751e8b465ee728b) [PhysX] Initialized MultithreadedTaskDispatcher with 8 workers.
[PhysX] Initialized MultithreadedTaskDispatcher with 8 workers.
[PhysX] Initialized MultithreadedTaskDispatcher with 8 workers.
 -> (artifact id: '6d05794fd4adec559520d8db1c5ccbb4') in 0.006930 seconds
Number of updated asset objects reloaded before import = 0
Number of asset objects unloaded after import = 7
========================================================================
Received Import Request.
  Time since last request: 0.000027 seconds.
  path: Assets/Charttyp/Stylized fantasy pagan village/Meshes/Flower_1.fbx
  artifactKey: Guid(79645b96a166fa54e89299aad704098f) Importer(815301076,1909f56bfc062723c751e8b465ee728b)
Start importing Assets/Charttyp/Stylized fantasy pagan village/Meshes/Flower_1.fbx using Guid(79645b96a166fa54e89299aad704098f) Importer(815301076,1909f56bfc062723c751e8b465ee728b) [PhysX] Initialized MultithreadedTaskDispatcher with 8 workers.
[PhysX] Initialized MultithreadedTaskDispatcher with 8 workers.
[PhysX] Initialized MultithreadedTaskDispatcher with 8 workers.
 -> (artifact id: '83aeb34ffe2ad4f3271ec94f6c43ad81') in 0.006352 seconds
Number of updated asset objects reloaded before import = 0
Number of asset objects unloaded after import = 7
========================================================================
Received Import Request.
  Time since last request: 0.000015 seconds.
  path: Assets/Charttyp/Stylized fantasy pagan village/Meshes/Tree_1.fbx
  artifactKey: Guid(a2bf7084e0f47f94ab48f69cf361b074) Importer(815301076,1909f56bfc062723c751e8b465ee728b)
Start importing Assets/Charttyp/Stylized fantasy pagan village/Meshes/Tree_1.fbx using Guid(a2bf7084e0f47f94ab48f69cf361b074) Importer(815301076,1909f56bfc062723c751e8b465ee728b) [PhysX] Initialized MultithreadedTaskDispatcher with 8 workers.
[PhysX] Initialized MultithreadedTaskDispatcher with 8 workers.
[PhysX] Initialized MultithreadedTaskDispatcher with 8 workers.
 -> (artifact id: '188104a4c007e2afc2dfaed67a956114') in 0.011201 seconds
Number of updated asset objects reloaded before import = 0
Number of asset objects unloaded after import = 7
========================================================================
Received Import Request.
  Time since last request: 0.000014 seconds.
  path: Assets/Charttyp/Stylized fantasy pagan village/Meshes/Wheelbarrow.fbx
  artifactKey: Guid(87014aa826997d348a29ce823a9b74c1) Importer(815301076,1909f56bfc062723c751e8b465ee728b)
Start importing Assets/Charttyp/Stylized fantasy pagan village/Meshes/Wheelbarrow.fbx using Guid(87014aa826997d348a29ce823a9b74c1) Importer(815301076,1909f56bfc062723c751e8b465ee728b) [PhysX] Initialized MultithreadedTaskDispatcher with 8 workers.
[PhysX] Initialized MultithreadedTaskDispatcher with 8 workers.
[PhysX] Initialized MultithreadedTaskDispatcher with 8 workers.
[PhysX] Initialized MultithreadedTaskDispatcher with 8 workers.
[PhysX] Initialized MultithreadedTaskDispatcher with 8 workers.
[PhysX] Initialized MultithreadedTaskDispatcher with 8 workers.
 -> (artifact id: '2b20a8dd85051e02b51f58e1973d7c09') in 0.022190 seconds
Number of updated asset objects reloaded before import = 0
Number of asset objects unloaded after import = 14
========================================================================
Received Import Request.
  Time since last request: 0.000014 seconds.
  path: Assets/Charttyp/Stylized fantasy pagan village/Meshes/Chest_1.fbx
  artifactKey: Guid(82ec328cfe12f4940b8789308622f562) Importer(815301076,1909f56bfc062723c751e8b465ee728b)
Start importing Assets/Charttyp/Stylized fantasy pagan village/Meshes/Chest_1.fbx using Guid(82ec328cfe12f4940b8789308622f562) Importer(815301076,1909f56bfc062723c751e8b465ee728b) [PhysX] Initialized MultithreadedTaskDispatcher with 8 workers.
[PhysX] Initialized MultithreadedTaskDispatcher with 8 workers.
[PhysX] Initialized MultithreadedTaskDispatcher with 8 workers.
 -> (artifact id: '346474e91563626b9bd980d5d9bf2dbd') in 0.008527 seconds
Number of updated asset objects reloaded before import = 0
Number of asset objects unloaded after import = 7
========================================================================
Received Import Request.
  Time since last request: 0.000027 seconds.
  path: Assets/Charttyp/Stylized fantasy pagan village/Meshes/Sack_closed_2.fbx
  artifactKey: Guid(4b3558f780e53b74a9052d7b4e233fbf) Importer(815301076,1909f56bfc062723c751e8b465ee728b)
Start importing Assets/Charttyp/Stylized fantasy pagan village/Meshes/Sack_closed_2.fbx using Guid(4b3558f780e53b74a9052d7b4e233fbf) Importer(815301076,1909f56bfc062723c751e8b465ee728b) [PhysX] Initialized MultithreadedTaskDispatcher with 8 workers.
[PhysX] Initialized MultithreadedTaskDispatcher with 8 workers.
[PhysX] Initialized MultithreadedTaskDispatcher with 8 workers.
 -> (artifact id: 'fb1d8cd3c35768771d16e7b5ad0c6689') in 0.010169 seconds
Number of updated asset objects reloaded before import = 0
Number of asset objects unloaded after import = 7
========================================================================
Received Import Request.
  Time since last request: 0.000013 seconds.
  path: Assets/Charttyp/Stylized fantasy pagan village/Meshes/Bush_2.fbx
  artifactKey: Guid(9f6c8235514a16a4f997f038f55fc018) Importer(815301076,1909f56bfc062723c751e8b465ee728b)
Start importing Assets/Charttyp/Stylized fantasy pagan village/Meshes/Bush_2.fbx using Guid(9f6c8235514a16a4f997f038f55fc018) Importer(815301076,1909f56bfc062723c751e8b465ee728b) [PhysX] Initialized MultithreadedTaskDispatcher with 8 workers.
[PhysX] Initialized MultithreadedTaskDispatcher with 8 workers.
[PhysX] Initialized MultithreadedTaskDispatcher with 8 workers.
 -> (artifact id: '46eae317be5f3859b1ff3ccf1160695f') in 0.008300 seconds
Number of updated asset objects reloaded before import = 0
Number of asset objects unloaded after import = 7
========================================================================
Received Import Request.
  Time since last request: 3.696732 seconds.
  path: Assets/Charttyp/Stylized fantasy pagan village/Terrain/Ground_dirt_1_grass_1.png
  artifactKey: Guid(9aa2192db4d37fc4a84b7edce7e2cf64) Importer(815301076,1909f56bfc062723c751e8b465ee728b)
Start importing Assets/Charttyp/Stylized fantasy pagan village/Terrain/Ground_dirt_1_grass_1.png using Guid(9aa2192db4d37fc4a84b7edce7e2cf64) Importer(815301076,1909f56bfc062723c751e8b465ee728b) [PhysX] Initialized MultithreadedTaskDispatcher with 8 workers.
[PhysX] Initialized MultithreadedTaskDispatcher with 8 workers.
 -> (artifact id: '288e202537d21213199ffc5862669b98') in 0.005887 seconds
Number of updated asset objects reloaded before import = 0
Number of asset objects unloaded after import = 2
========================================================================
Received Import Request.
  Time since last request: 0.000051 seconds.
  path: Assets/Charttyp/Stylized fantasy pagan village/Terrain/Ground_dirt_1_grass_1.terrainlayer
  artifactKey: Guid(87fe837065b500541b34632497beb088) Importer(815301076,1909f56bfc062723c751e8b465ee728b)
Start importing Assets/Charttyp/Stylized fantasy pagan village/Terrain/Ground_dirt_1_grass_1.terrainlayer using Guid(87fe837065b500541b34632497beb088) Importer(815301076,1909f56bfc062723c751e8b465ee728b) [PhysX] Initialized MultithreadedTaskDispatcher with 8 workers.
 -> (artifact id: '1890ee2dd250affd7d3936acb6ffe335') in 0.018203 seconds
Number of updated asset objects reloaded before import = 0
Number of asset objects unloaded after import = 4
========================================================================
Received Import Request.
  Time since last request: 0.000029 seconds.
  path: Assets/Charttyp/Stylized fantasy pagan village/Terrain/New Terrain.asset
  artifactKey: Guid(abe38e0f8fc43054191e7a32aaba480c) Importer(815301076,1909f56bfc062723c751e8b465ee728b)
Start importing Assets/Charttyp/Stylized fantasy pagan village/Terrain/New Terrain.asset using Guid(abe38e0f8fc43054191e7a32aaba480c) Importer(815301076,1909f56bfc062723c751e8b465ee728b) [PhysX] Initialized MultithreadedTaskDispatcher with 8 workers.
[PhysX] Initialized MultithreadedTaskDispatcher with 8 workers.
 -> (artifact id: '953ad98e7209c057619fda5e680ac9ad') in 0.013340 seconds
Number of updated asset objects reloaded before import = 0
Number of asset objects unloaded after import = 10
========================================================================
Received Prepare
Caller must complete domain reload
Begin MonoManager ReloadAssembly
- Loaded All Assemblies, in  0.615 seconds
Native extension for LinuxStandalone target not found
Native extension for Android target not found
[Package Manager] Server::EnsureServerProcessIsRunning -- launch failed, reason: Unity was launched with the -noUpm command-line argument
[Package Manager] UpmClient::Send -- Unable to send message (not connected to UPM process).
[Package Manager] Cannot connect to Unity Package Manager local server
Mono: successfully reloaded assembly
- Finished resetting the current domain, in  1.192 seconds
Domain Reload Profiling: 1807ms
	BeginReloadAssembly (147ms)
		ExecutionOrderSort (0ms)
		DisableScriptedObjects (5ms)
		BackupInstance (0ms)
		ReleaseScriptingObjects (0ms)
		CreateAndSetChildDomain (51ms)
	RebuildCommonClasses (44ms)
	RebuildNativeTypeToScriptingClass (10ms)
	initialDomainReloadingComplete (34ms)
	LoadAllAssembliesAndSetupDomain (378ms)
		LoadAssemblies (426ms)
		RebuildTransferFunctionScriptingTraits (0ms)
		AnalyzeDomain (14ms)
			TypeCache.Refresh (7ms)
				TypeCache.ScanAssembly (0ms)
			ScanForSourceGeneratedMonoScriptInfo (0ms)
			ResolveRequiredComponents (5ms)
	FinalizeReload (1193ms)
		ReleaseScriptCaches (0ms)
		RebuildScriptCaches (0ms)
		SetupLoadedEditorAssemblies (819ms)
			LogAssemblyErrors (0ms)
			InitializePlatformSupportModulesInManaged (31ms)
			SetLoadedEditorAssemblies (5ms)
			RefreshPlugins (0ms)
			BeforeProcessingInitializeOnLoad (76ms)
			ProcessInitializeOnLoadAttributes (674ms)
			ProcessInitializeOnLoadMethodAttributes (29ms)
			AfterProcessingInitializeOnLoad (5ms)
			EditorAssembliesLoaded (0ms)
		ExecutionOrderSort2 (0ms)
		AwakeInstancesAfterBackupRestoration (4ms)
Refreshing native plugins compatible for Editor in 0.96 ms, found 0 plugins.
Preloading 0 native plugins for Editor in 0.00 ms.
Unloading 3083 Unused Serialized files (Serialized files now loaded: 0)
Unloading 15 unused Assets / (360.8 KB). Loaded Objects now: 3615.
Memory consumption went from 115.8 MB to 115.4 MB.
Total: 4.516547 ms (FindLiveObjects: 0.258464 ms CreateObjectMapping: 0.101494 ms MarkObjects: 3.936694 ms  DeleteObjects: 0.218583 ms)

Prepare: number of updated asset objects reloaded= 0
AssetImportParameters requested are different than current active one (requested -> active):
  custom:container-demuxer-ogg: 62fdf1f143b41e24485cea50d1cbac27 -> 
  custom:video-decoder-ogg-theora: a1e56fd34408186e4bbccfd4996cb3dc -> 
  custom:CustomObjectIndexerAttribute: 232f87dd983dbecb2a4e21e08eb2cef8 -> 
  custom:container-demuxer-webm: 4f35f7cbe854078d1ac9338744f61a02 -> 
  custom:container-muxer-webm: aa71ff27fc2769a1b78a27578f13a17b -> 
  custom:video-decoder-webm-vp8: 9c59270c3fd7afecdb556c50c9e8de78 -> 
  custom:SearchIndexIgnoredProperties: e643bd26f0fe6173181afceb89e7c659 -> 
  custom:AudioImporter_EditorPlatform: 2f0ff77a95e0ac474e3e8eeba4e2f7cb -> 
  custom:video-encoder-webm-vp8: eb34c28f22e8b96e1ab97ce403110664 -> 
  custom:audio-decoder-ogg-vorbis: bf7c407c2cedff20999df2af8eb42d56 -> 
  custom:audio-encoder-webm-vorbis: bf7c407c2cedff20999df2af8eb42d56 -> 
========================================================================
Received Import Request.
  Time since last request: 40.633117 seconds.
  path: Assets/Charttyp/Stylized fantasy pagan village/Texture/Ground_dirt_1_grass_1_normals.png
  artifactKey: Guid(100d01004c8ab154d99428211211444c) Importer(815301076,1909f56bfc062723c751e8b465ee728b)
Start importing Assets/Charttyp/Stylized fantasy pagan village/Texture/Ground_dirt_1_grass_1_normals.png using Guid(100d01004c8ab154d99428211211444c) Importer(815301076,1909f56bfc062723c751e8b465ee728b) [PhysX] Initialized MultithreadedTaskDispatcher with 8 workers.
[PhysX] Initialized MultithreadedTaskDispatcher with 8 workers.
 -> (artifact id: '03a7a64751978c6e54288c5357329605') in 0.075623 seconds
Number of updated asset objects reloaded before import = 0
Number of asset objects unloaded after import = 2
========================================================================
Received Import Request.
  Time since last request: 0.000051 seconds.
  path: Assets/Charttyp/Stylized fantasy pagan village/Texture/Texture_2_normal_2k.png
  artifactKey: Guid(af7f7040e38868b41a138f2dac73a62f) Importer(815301076,1909f56bfc062723c751e8b465ee728b)
Start importing Assets/Charttyp/Stylized fantasy pagan village/Texture/Texture_2_normal_2k.png using Guid(af7f7040e38868b41a138f2dac73a62f) Importer(815301076,1909f56bfc062723c751e8b465ee728b) [PhysX] Initialized MultithreadedTaskDispatcher with 8 workers.
[PhysX] Initialized MultithreadedTaskDispatcher with 8 workers.
 -> (artifact id: 'd1c00e0c39b18611eecd57f60ed45797') in 0.015567 seconds
Number of updated asset objects reloaded before import = 0
Number of asset objects unloaded after import = 2
========================================================================
Received Import Request.
  Time since last request: 0.000017 seconds.
  path: Assets/Charttyp/Stylized fantasy pagan village/Texture/Texture_5_normal_2k.png
  artifactKey: Guid(6c9d9a845a3cd86439eafdeb7e19b660) Importer(815301076,1909f56bfc062723c751e8b465ee728b)
Start importing Assets/Charttyp/Stylized fantasy pagan village/Texture/Texture_5_normal_2k.png using Guid(6c9d9a845a3cd86439eafdeb7e19b660) Importer(815301076,1909f56bfc062723c751e8b465ee728b) [PhysX] Initialized MultithreadedTaskDispatcher with 8 workers.
[PhysX] Initialized MultithreadedTaskDispatcher with 8 workers.
 -> (artifact id: 'a9b7d64fa1c47b6359a34d20e3bcee78') in 0.011066 seconds
Number of updated asset objects reloaded before import = 0
Number of asset objects unloaded after import = 2
========================================================================
Received Import Request.
  Time since last request: 0.000020 seconds.
  path: Assets/Charttyp/Stylized fantasy pagan village/Texture/Ground_dirt_1_grass_2.terrainlayer
  artifactKey: Guid(8407fb4fbeddb4a4597e3990a2c0e329) Importer(815301076,1909f56bfc062723c751e8b465ee728b)
Start importing Assets/Charttyp/Stylized fantasy pagan village/Texture/Ground_dirt_1_grass_2.terrainlayer using Guid(8407fb4fbeddb4a4597e3990a2c0e329) Importer(815301076,1909f56bfc062723c751e8b465ee728b) [PhysX] Initialized MultithreadedTaskDispatcher with 8 workers.
 -> (artifact id: 'c48af2598bf0f0faced6bf2f1b8b4c36') in 0.011205 seconds
Number of updated asset objects reloaded before import = 0
Number of asset objects unloaded after import = 4
========================================================================
Received Import Request.
  Time since last request: 0.000057 seconds.
  path: Assets/Charttyp/Stylized fantasy pagan village/Texture/Texture_3_2k.png
  artifactKey: Guid(6ea7d1f00be1a314e809ebb5d1e4b022) Importer(815301076,1909f56bfc062723c751e8b465ee728b)
Start importing Assets/Charttyp/Stylized fantasy pagan village/Texture/Texture_3_2k.png using Guid(6ea7d1f00be1a314e809ebb5d1e4b022) Importer(815301076,1909f56bfc062723c751e8b465ee728b) [PhysX] Initialized MultithreadedTaskDispatcher with 8 workers.
[PhysX] Initialized MultithreadedTaskDispatcher with 8 workers.
 -> (artifact id: '10c6bccf5531ba191a75e17ea1835aca') in 0.010473 seconds
Number of updated asset objects reloaded before import = 0
Number of asset objects unloaded after import = 2
========================================================================
Received Import Request.
  Time since last request: 0.000030 seconds.
  path: Assets/Charttyp/Stylized fantasy pagan village/Texture/Ground_dirt_1_grass_2_normals.png
  artifactKey: Guid(2dc479da5c2f78449b5009265745eb5d) Importer(815301076,1909f56bfc062723c751e8b465ee728b)
Start importing Assets/Charttyp/Stylized fantasy pagan village/Texture/Ground_dirt_1_grass_2_normals.png using Guid(2dc479da5c2f78449b5009265745eb5d) Importer(815301076,1909f56bfc062723c751e8b465ee728b) [PhysX] Initialized MultithreadedTaskDispatcher with 8 workers.
[PhysX] Initialized MultithreadedTaskDispatcher with 8 workers.
 -> (artifact id: 'c8f17fbebe060ff566e3b3f56791e2fc') in 0.012797 seconds
Number of updated asset objects reloaded before import = 0
Number of asset objects unloaded after import = 2
========================================================================
Received Import Request.
  Time since last request: 0.000022 seconds.
  path: Assets/Charttyp/Stylized fantasy pagan village/Texture/Texture_1_2k.png
  artifactKey: Guid(2c1fc44fd827f17459052df843708595) Importer(815301076,1909f56bfc062723c751e8b465ee728b)
Start importing Assets/Charttyp/Stylized fantasy pagan village/Texture/Texture_1_2k.png using Guid(2c1fc44fd827f17459052df843708595) Importer(815301076,1909f56bfc062723c751e8b465ee728b) [PhysX] Initialized MultithreadedTaskDispatcher with 8 workers.
[PhysX] Initialized MultithreadedTaskDispatcher with 8 workers.
 -> (artifact id: '9c52e917f391f2d7189d77beade2a6b1') in 0.007984 seconds
Number of updated asset objects reloaded before import = 0
Number of asset objects unloaded after import = 2
========================================================================
Received Import Request.
  Time since last request: 0.000027 seconds.
  path: Assets/Charttyp/Stylized fantasy pagan village/Texture/Ground_grass_normals.png
  artifactKey: Guid(91df66b4970c4834da0bed7e35b84ac0) Importer(815301076,1909f56bfc062723c751e8b465ee728b)
Start importing Assets/Charttyp/Stylized fantasy pagan village/Texture/Ground_grass_normals.png using Guid(91df66b4970c4834da0bed7e35b84ac0) Importer(815301076,1909f56bfc062723c751e8b465ee728b) [PhysX] Initialized MultithreadedTaskDispatcher with 8 workers.
[PhysX] Initialized MultithreadedTaskDispatcher with 8 workers.
 -> (artifact id: '279e8eb02db6882b4fb85a776d016807') in 0.008074 seconds
Number of updated asset objects reloaded before import = 0
Number of asset objects unloaded after import = 2
========================================================================
Received Import Request.
  Time since last request: 0.000037 seconds.
  path: Assets/Charttyp/Stylized fantasy pagan village/Texture/Texture_4_normal_2k.png
  artifactKey: Guid(64cb7c1500f5f1242bcf92c417824206) Importer(815301076,1909f56bfc062723c751e8b465ee728b)
Start importing Assets/Charttyp/Stylized fantasy pagan village/Texture/Texture_4_normal_2k.png using Guid(64cb7c1500f5f1242bcf92c417824206) Importer(815301076,1909f56bfc062723c751e8b465ee728b) [PhysX] Initialized MultithreadedTaskDispatcher with 8 workers.
[PhysX] Initialized MultithreadedTaskDispatcher with 8 workers.
 -> (artifact id: '3c0833f6bccb3d6a4086b8deca82b37d') in 0.010924 seconds
Number of updated asset objects reloaded before import = 0
Number of asset objects unloaded after import = 2
========================================================================
Received Import Request.
  Time since last request: 1232.636404 seconds.
  path: Assets/RPGPP_LT/Textures/rpgpp_lt_tex_a.tga
  artifactKey: Guid(0bb174f69c9851a48b09bf7d8180c39e) Importer(815301076,1909f56bfc062723c751e8b465ee728b)
Start importing Assets/RPGPP_LT/Textures/rpgpp_lt_tex_a.tga using Guid(0bb174f69c9851a48b09bf7d8180c39e) Importer(815301076,1909f56bfc062723c751e8b465ee728b) [PhysX] Initialized MultithreadedTaskDispatcher with 8 workers.
[PhysX] Initialized MultithreadedTaskDispatcher with 8 workers.
 -> (artifact id: 'e5dc98ac6224f4ddd55d4971b29582c3') in 0.009609 seconds
Number of updated asset objects reloaded before import = 0
Number of asset objects unloaded after import = 2
========================================================================
Received Import Request.
  Time since last request: 3.805588 seconds.
  path: Assets/RPGPP_LT/Prefabs/Nature/Sky/rpgpp_lt_cloud_02.prefab
  artifactKey: Guid(f661498175107c749a33d97304c423eb) Importer(815301076,1909f56bfc062723c751e8b465ee728b)
Start importing Assets/RPGPP_LT/Prefabs/Nature/Sky/rpgpp_lt_cloud_02.prefab using Guid(f661498175107c749a33d97304c423eb) Importer(815301076,1909f56bfc062723c751e8b465ee728b) [PhysX] Initialized MultithreadedTaskDispatcher with 8 workers.
[PhysX] Initialized MultithreadedTaskDispatcher with 8 workers.
 -> (artifact id: '8a33a141ae6d963115f761b4157cdc6b') in 0.032956 seconds
Number of updated asset objects reloaded before import = 0
Number of asset objects unloaded after import = 8
========================================================================
Received Import Request.
  Time since last request: 0.000014 seconds.
  path: Assets/RPGPP_LT/Prefabs/Nature/Sky/rpgpp_lt_sky_01.prefab
  artifactKey: Guid(f31c6bb6e68212e41b0bcae74612a240) Importer(815301076,1909f56bfc062723c751e8b465ee728b)
Start importing Assets/RPGPP_LT/Prefabs/Nature/Sky/rpgpp_lt_sky_01.prefab using Guid(f31c6bb6e68212e41b0bcae74612a240) Importer(815301076,1909f56bfc062723c751e8b465ee728b) [PhysX] Initialized MultithreadedTaskDispatcher with 8 workers.
[PhysX] Initialized MultithreadedTaskDispatcher with 8 workers.
 -> (artifact id: 'af0b61173fb83780c409fdea45e05881') in 0.027874 seconds
Number of updated asset objects reloaded before import = 0
Number of asset objects unloaded after import = 9
========================================================================
Received Import Request.
  Time since last request: 18.763432 seconds.
  path: Assets/RPGPP_LT/Materials/rpgpp_lt_mat_a.mat
  artifactKey: Guid(58d53420af384224ea4cfee8973d18cb) Importer(815301076,1909f56bfc062723c751e8b465ee728b)
Start importing Assets/RPGPP_LT/Materials/rpgpp_lt_mat_a.mat using Guid(58d53420af384224ea4cfee8973d18cb) Importer(815301076,1909f56bfc062723c751e8b465ee728b) [PhysX] Initialized MultithreadedTaskDispatcher with 8 workers.
[PhysX] Initialized MultithreadedTaskDispatcher with 8 workers.
 -> (artifact id: '1aa775cc5cf92a9930982913cf11bcc1') in 0.012858 seconds
Number of updated asset objects reloaded before import = 0
Number of asset objects unloaded after import = 2
